09:08:32.811 [main] DEBUG org.apache.poi.openxml4j.opc.PackageRelationshipCollection - Parsing relationship: /_rels/.rels
09:08:32.890 [main] DEBUG org.apache.poi.openxml4j.opc.PackageRelationshipCollection - Parsing relationship: /xl/_rels/workbook.xml.rels
09:08:32.892 [main] DEBUG org.apache.poi.openxml4j.opc.PackageRelationshipCollection - Parsing relationship: /xl/worksheets/_rels/sheet1.xml.rels
09:08:32.893 [main] DEBUG org.apache.poi.openxml4j.opc.PackageRelationshipCollection - Parsing relationship: /_rels/.rels
09:08:32.919 [main] INFO  testCases.TC_003_LoginDDT -  Starting TC_003_LoginDDT 
09:08:38.810 [main] INFO  testCases.TC_003_LoginDDT - Home Page Displayed 
09:08:41.347 [main] INFO  testCases.TC_003_LoginDDT - Clicked on My Account 
09:08:42.210 [main] INFO  testCases.TC_003_LoginDDT - Clicked on Login 
09:08:42.568 [main] INFO  testCases.TC_003_LoginDDT - Provided Email 
09:08:42.872 [main] INFO  testCases.TC_003_LoginDDT - Provided Password 
09:08:44.039 [main] INFO  testCases.TC_003_LoginDDT - Clicked on Login
09:08:44.188 [main] INFO  testCases.TC_003_LoginDDT - Login Success 
09:08:46.172 [main] INFO  testCases.TC_003_LoginDDT -  Finished TC_003_LoginDDT 
09:08:46.173 [main] INFO  testCases.TC_003_LoginDDT -  Starting TC_003_LoginDDT 
09:08:48.261 [main] INFO  testCases.TC_003_LoginDDT - Home Page Displayed 
09:08:48.483 [main] INFO  testCases.TC_003_LoginDDT - Clicked on My Account 
09:08:50.627 [main] INFO  testCases.TC_003_LoginDDT - Clicked on Login 
09:08:50.853 [main] INFO  testCases.TC_003_LoginDDT - Provided Email 
09:08:51.010 [main] INFO  testCases.TC_003_LoginDDT - Provided Password 
09:08:51.984 [main] INFO  testCases.TC_003_LoginDDT - Clicked on Login
09:09:02.057 [main] ERROR testCases.TC_003_LoginDDT - Login Failed 
09:09:02.057 [main] INFO  testCases.TC_003_LoginDDT -  Finished TC_003_LoginDDT 
09:09:02.058 [main] INFO  testCases.TC_003_LoginDDT -  Starting TC_003_LoginDDT 
09:09:02.791 [main] INFO  testCases.TC_003_LoginDDT - Home Page Displayed 
09:09:02.942 [main] INFO  testCases.TC_003_LoginDDT - Clicked on My Account 
09:09:03.585 [main] INFO  testCases.TC_003_LoginDDT - Clicked on Login 
09:09:03.774 [main] INFO  testCases.TC_003_LoginDDT - Provided Email 
09:09:03.957 [main] INFO  testCases.TC_003_LoginDDT - Provided Password 
09:09:04.921 [main] INFO  testCases.TC_003_LoginDDT - Clicked on Login
09:09:14.980 [main] ERROR testCases.TC_003_LoginDDT - Login Failed 
09:09:14.980 [main] INFO  testCases.TC_003_LoginDDT -  Finished TC_003_LoginDDT 
09:09:14.982 [main] INFO  testCases.TC_003_LoginDDT -  Starting TC_003_LoginDDT 
09:09:15.652 [main] INFO  testCases.TC_003_LoginDDT - Home Page Displayed 
09:09:15.763 [main] INFO  testCases.TC_003_LoginDDT - Clicked on My Account 
09:09:16.378 [main] INFO  testCases.TC_003_LoginDDT - Clicked on Login 
09:09:16.556 [main] INFO  testCases.TC_003_LoginDDT - Provided Email 
09:09:16.684 [main] INFO  testCases.TC_003_LoginDDT - Provided Password 
09:09:17.537 [main] INFO  testCases.TC_003_LoginDDT - Clicked on Login
09:09:27.590 [main] ERROR testCases.TC_003_LoginDDT - Login Failed 
09:09:27.590 [main] INFO  testCases.TC_003_LoginDDT -  Finished TC_003_LoginDDT 
09:09:27.592 [AsyncHttpClient-1-2] TRACE io.netty.handler.codec.http.websocketx.WebSocket08FrameEncoder - Encoding WebSocket Frame opCode=8 length=26
09:09:30.944 [main] INFO  testCases.TC_004_Search - Launched chrome Browser
09:09:30.948 [main] INFO  testCases.TC_004_Search -  Starting TC_004_Search 
09:09:36.989 [main] INFO  testCases.TC_004_Search - Home Page Displayed 
09:09:39.306 [main] INFO  testCases.TC_004_Search - Enter any Product
09:09:52.556 [main] ERROR testCases.TC_004_Search - Search Success 
09:09:52.797 [main] INFO  testCases.TC_004_Search -  Finished TC_004Search 
09:09:52.799 [AsyncHttpClient-1-5] TRACE io.netty.handler.codec.http.websocketx.WebSocket08FrameEncoder - Encoding WebSocket Frame opCode=8 length=26
09:09:55.950 [main] INFO  testCases.TC_005_Forgot_Password - Launched chrome Browser
09:09:55.955 [main] INFO  testCases.TC_005_Forgot_Password - Starting TC_005_ForgotPassword
09:10:00.932 [main] INFO  testCases.TC_005_Forgot_Password - Home Page Displayed 
09:10:01.187 [main] INFO  testCases.TC_005_Forgot_Password - Clicked on My Account 
09:10:02.221 [main] INFO  testCases.TC_005_Forgot_Password - Clicked on Login 
09:10:04.442 [main] INFO  testCases.TC_005_Forgot_Password - Provided Email 
09:10:11.856 [main] INFO  testCases.TC_005_Forgot_Password - Provided confirmation email
09:10:17.692 [main] INFO  testCases.TC_005_Forgot_Password - Finished TC_009_ForgotPassword
09:10:20.705 [AsyncHttpClient-1-8] TRACE io.netty.handler.codec.http.websocketx.WebSocket08FrameEncoder - Encoding WebSocket Frame opCode=8 length=26
09:14:43.830 [main] DEBUG io.netty.util.internal.logging.InternalLoggerFactory - Using Log4J2 as the default logging framework
09:14:43.845 [main] DEBUG io.netty.util.ResourceLeakDetector - -Dio.netty.leakDetection.level: simple
09:14:43.846 [main] DEBUG io.netty.util.ResourceLeakDetector - -Dio.netty.leakDetection.targetRecords: 4
09:14:43.852 [main] DEBUG io.netty.util.ResourceLeakDetectorFactory - Loaded default ResourceLeakDetector: io.netty.util.ResourceLeakDetector@62b969c4
09:14:43.918 [main] DEBUG io.netty.util.internal.PlatformDependent0 - -Dio.netty.noUnsafe: false
09:14:43.919 [main] DEBUG io.netty.util.internal.PlatformDependent0 - Java version: 17
09:14:43.921 [main] DEBUG io.netty.util.internal.PlatformDependent0 - sun.misc.Unsafe.theUnsafe: available
09:14:43.922 [main] DEBUG io.netty.util.internal.PlatformDependent0 - sun.misc.Unsafe.copyMemory: available
09:14:43.924 [main] DEBUG io.netty.util.internal.PlatformDependent0 - java.nio.Buffer.address: available
09:14:43.925 [main] DEBUG io.netty.util.internal.PlatformDependent0 - direct buffer constructor: unavailable
java.lang.UnsupportedOperationException: Reflective setAccessible(true) disabled
	at io.netty.util.internal.ReflectionUtil.trySetAccessible(ReflectionUtil.java:31) ~[netty-common-4.1.76.Final.jar:4.1.76.Final]
	at io.netty.util.internal.PlatformDependent0$4.run(PlatformDependent0.java:253) ~[netty-common-4.1.76.Final.jar:4.1.76.Final]
	at java.security.AccessController.doPrivileged(AccessController.java:318) ~[?:?]
	at io.netty.util.internal.PlatformDependent0.<clinit>(PlatformDependent0.java:247) ~[netty-common-4.1.76.Final.jar:4.1.76.Final]
	at io.netty.util.internal.PlatformDependent.isAndroid(PlatformDependent.java:294) ~[netty-common-4.1.76.Final.jar:4.1.76.Final]
	at io.netty.util.internal.PlatformDependent.<clinit>(PlatformDependent.java:88) ~[netty-common-4.1.76.Final.jar:4.1.76.Final]
	at io.netty.util.HashedWheelTimer.<init>(HashedWheelTimer.java:114) ~[netty-common-4.1.76.Final.jar:4.1.76.Final]
	at io.netty.util.HashedWheelTimer.<init>(HashedWheelTimer.java:251) ~[netty-common-4.1.76.Final.jar:4.1.76.Final]
	at io.netty.util.HashedWheelTimer.<init>(HashedWheelTimer.java:224) ~[netty-common-4.1.76.Final.jar:4.1.76.Final]
	at io.netty.util.HashedWheelTimer.<init>(HashedWheelTimer.java:203) ~[netty-common-4.1.76.Final.jar:4.1.76.Final]
	at org.asynchttpclient.DefaultAsyncHttpClient.newNettyTimer(DefaultAsyncHttpClient.java:111) ~[async-http-client-2.12.3.jar:?]
	at org.asynchttpclient.DefaultAsyncHttpClient.<init>(DefaultAsyncHttpClient.java:90) ~[async-http-client-2.12.3.jar:?]
	at org.asynchttpclient.Dsl.asyncHttpClient(Dsl.java:32) ~[async-http-client-2.12.3.jar:?]
	at org.openqa.selenium.remote.http.netty.NettyClient.createHttpClient(NettyClient.java:92) ~[selenium-remote-driver-4.1.4.jar:?]
	at org.openqa.selenium.remote.http.netty.NettyClient.<clinit>(NettyClient.java:47) ~[selenium-remote-driver-4.1.4.jar:?]
	at org.openqa.selenium.remote.http.netty.NettyClient$Factory.createClient(NettyClient.java:133) ~[selenium-remote-driver-4.1.4.jar:?]
	at org.openqa.selenium.remote.HttpCommandExecutor.<init>(HttpCommandExecutor.java:107) ~[selenium-remote-driver-4.1.4.jar:?]
	at org.openqa.selenium.remote.HttpCommandExecutor.<init>(HttpCommandExecutor.java:94) ~[selenium-remote-driver-4.1.4.jar:?]
	at org.openqa.selenium.remote.HttpCommandExecutor.<init>(HttpCommandExecutor.java:85) ~[selenium-remote-driver-4.1.4.jar:?]
	at org.openqa.selenium.remote.service.DriverCommandExecutor.<init>(DriverCommandExecutor.java:80) ~[selenium-remote-driver-4.1.4.jar:?]
	at org.openqa.selenium.chromium.ChromiumDriverCommandExecutor.<init>(ChromiumDriverCommandExecutor.java:35) ~[selenium-chromium-driver-4.1.4.jar:?]
	at org.openqa.selenium.chrome.ChromeDriver$ChromeDriverCommandExecutor.<init>(ChromeDriver.java:118) ~[selenium-chrome-driver-4.1.4.jar:?]
	at org.openqa.selenium.chrome.ChromeDriver.<init>(ChromeDriver.java:106) ~[selenium-chrome-driver-4.1.4.jar:?]
	at org.openqa.selenium.chrome.ChromeDriver.<init>(ChromeDriver.java:93) ~[selenium-chrome-driver-4.1.4.jar:?]
	at org.openqa.selenium.chrome.ChromeDriver.<init>(ChromeDriver.java:48) ~[selenium-chrome-driver-4.1.4.jar:?]
	at testBase.BaseClass.setup(BaseClass.java:42) ~[test-classes/:?]
	at jdk.internal.reflect.NativeMethodAccessorImpl.invoke0(Native Method) ~[?:?]
	at jdk.internal.reflect.NativeMethodAccessorImpl.invoke(NativeMethodAccessorImpl.java:77) ~[?:?]
	at jdk.internal.reflect.DelegatingMethodAccessorImpl.invoke(DelegatingMethodAccessorImpl.java:43) ~[?:?]
	at java.lang.reflect.Method.invoke(Method.java:568) ~[?:?]
	at org.testng.internal.invokers.MethodInvocationHelper.invokeMethod(MethodInvocationHelper.java:135) ~[testng-7.5.jar:7.5]
	at org.testng.internal.invokers.MethodInvocationHelper.invokeMethodConsideringTimeout(MethodInvocationHelper.java:65) ~[testng-7.5.jar:7.5]
	at org.testng.internal.invokers.ConfigInvoker.invokeConfigurationMethod(ConfigInvoker.java:381) ~[testng-7.5.jar:7.5]
	at org.testng.internal.invokers.ConfigInvoker.invokeConfigurations(ConfigInvoker.java:319) ~[testng-7.5.jar:7.5]
	at org.testng.internal.invokers.TestMethodWorker.invokeBeforeClassMethods(TestMethodWorker.java:178) ~[testng-7.5.jar:7.5]
	at org.testng.internal.invokers.TestMethodWorker.run(TestMethodWorker.java:122) ~[testng-7.5.jar:7.5]
	at java.util.ArrayList.forEach(ArrayList.java:1511) ~[?:?]
	at org.testng.TestRunner.privateRun(TestRunner.java:808) ~[testng-7.5.jar:7.5]
	at org.testng.TestRunner.run(TestRunner.java:603) ~[testng-7.5.jar:7.5]
	at org.testng.SuiteRunner.runTest(SuiteRunner.java:429) ~[testng-7.5.jar:7.5]
	at org.testng.SuiteRunner.runSequentially(SuiteRunner.java:423) ~[testng-7.5.jar:7.5]
	at org.testng.SuiteRunner.privateRun(SuiteRunner.java:383) ~[testng-7.5.jar:7.5]
	at org.testng.SuiteRunner.run(SuiteRunner.java:326) ~[testng-7.5.jar:7.5]
	at org.testng.SuiteRunnerWorker.runSuite(SuiteRunnerWorker.java:52) ~[testng-7.5.jar:7.5]
	at org.testng.SuiteRunnerWorker.run(SuiteRunnerWorker.java:95) ~[testng-7.5.jar:7.5]
	at org.testng.TestNG.runSuitesSequentially(TestNG.java:1249) ~[testng-7.5.jar:7.5]
	at org.testng.TestNG.runSuitesLocally(TestNG.java:1169) ~[testng-7.5.jar:7.5]
	at org.testng.TestNG.runSuites(TestNG.java:1092) ~[testng-7.5.jar:7.5]
	at org.testng.TestNG.run(TestNG.java:1060) ~[testng-7.5.jar:7.5]
	at org.apache.maven.surefire.testng.TestNGExecutor.run(TestNGExecutor.java:284) ~[surefire-testng-3.0.0-M5.jar:3.0.0-M5]
	at org.apache.maven.surefire.testng.TestNGXmlTestSuite.execute(TestNGXmlTestSuite.java:75) ~[surefire-testng-3.0.0-M5.jar:3.0.0-M5]
	at org.apache.maven.surefire.testng.TestNGProvider.invoke(TestNGProvider.java:119) ~[surefire-testng-3.0.0-M5.jar:3.0.0-M5]
	at org.apache.maven.surefire.booter.ForkedBooter.runSuitesInProcess(ForkedBooter.java:428) ~[surefire-booter-3.0.0-M5.jar:3.0.0-M5]
	at org.apache.maven.surefire.booter.ForkedBooter.execute(ForkedBooter.java:162) ~[surefire-booter-3.0.0-M5.jar:3.0.0-M5]
	at org.apache.maven.surefire.booter.ForkedBooter.run(ForkedBooter.java:562) ~[surefire-booter-3.0.0-M5.jar:3.0.0-M5]
	at org.apache.maven.surefire.booter.ForkedBooter.main(ForkedBooter.java:548) ~[surefire-booter-3.0.0-M5.jar:3.0.0-M5]
09:14:43.937 [main] DEBUG io.netty.util.internal.PlatformDependent0 - java.nio.Bits.unaligned: available, true
09:14:43.939 [main] DEBUG io.netty.util.internal.PlatformDependent0 - jdk.internal.misc.Unsafe.allocateUninitializedArray(int): unavailable
java.lang.IllegalAccessException: class io.netty.util.internal.PlatformDependent0$6 cannot access class jdk.internal.misc.Unsafe (in module java.base) because module java.base does not export jdk.internal.misc to unnamed module @2928854b
	at jdk.internal.reflect.Reflection.newIllegalAccessException(Reflection.java:392) ~[?:?]
	at java.lang.reflect.AccessibleObject.checkAccess(AccessibleObject.java:674) ~[?:?]
	at java.lang.reflect.Method.invoke(Method.java:560) ~[?:?]
	at io.netty.util.internal.PlatformDependent0$6.run(PlatformDependent0.java:375) ~[netty-common-4.1.76.Final.jar:4.1.76.Final]
	at java.security.AccessController.doPrivileged(AccessController.java:318) ~[?:?]
	at io.netty.util.internal.PlatformDependent0.<clinit>(PlatformDependent0.java:366) ~[netty-common-4.1.76.Final.jar:4.1.76.Final]
	at io.netty.util.internal.PlatformDependent.isAndroid(PlatformDependent.java:294) ~[netty-common-4.1.76.Final.jar:4.1.76.Final]
	at io.netty.util.internal.PlatformDependent.<clinit>(PlatformDependent.java:88) ~[netty-common-4.1.76.Final.jar:4.1.76.Final]
	at io.netty.util.HashedWheelTimer.<init>(HashedWheelTimer.java:114) ~[netty-common-4.1.76.Final.jar:4.1.76.Final]
	at io.netty.util.HashedWheelTimer.<init>(HashedWheelTimer.java:251) ~[netty-common-4.1.76.Final.jar:4.1.76.Final]
	at io.netty.util.HashedWheelTimer.<init>(HashedWheelTimer.java:224) ~[netty-common-4.1.76.Final.jar:4.1.76.Final]
	at io.netty.util.HashedWheelTimer.<init>(HashedWheelTimer.java:203) ~[netty-common-4.1.76.Final.jar:4.1.76.Final]
	at org.asynchttpclient.DefaultAsyncHttpClient.newNettyTimer(DefaultAsyncHttpClient.java:111) ~[async-http-client-2.12.3.jar:?]
	at org.asynchttpclient.DefaultAsyncHttpClient.<init>(DefaultAsyncHttpClient.java:90) ~[async-http-client-2.12.3.jar:?]
	at org.asynchttpclient.Dsl.asyncHttpClient(Dsl.java:32) ~[async-http-client-2.12.3.jar:?]
	at org.openqa.selenium.remote.http.netty.NettyClient.createHttpClient(NettyClient.java:92) ~[selenium-remote-driver-4.1.4.jar:?]
	at org.openqa.selenium.remote.http.netty.NettyClient.<clinit>(NettyClient.java:47) ~[selenium-remote-driver-4.1.4.jar:?]
	at org.openqa.selenium.remote.http.netty.NettyClient$Factory.createClient(NettyClient.java:133) ~[selenium-remote-driver-4.1.4.jar:?]
	at org.openqa.selenium.remote.HttpCommandExecutor.<init>(HttpCommandExecutor.java:107) ~[selenium-remote-driver-4.1.4.jar:?]
	at org.openqa.selenium.remote.HttpCommandExecutor.<init>(HttpCommandExecutor.java:94) ~[selenium-remote-driver-4.1.4.jar:?]
	at org.openqa.selenium.remote.HttpCommandExecutor.<init>(HttpCommandExecutor.java:85) ~[selenium-remote-driver-4.1.4.jar:?]
	at org.openqa.selenium.remote.service.DriverCommandExecutor.<init>(DriverCommandExecutor.java:80) ~[selenium-remote-driver-4.1.4.jar:?]
	at org.openqa.selenium.chromium.ChromiumDriverCommandExecutor.<init>(ChromiumDriverCommandExecutor.java:35) ~[selenium-chromium-driver-4.1.4.jar:?]
	at org.openqa.selenium.chrome.ChromeDriver$ChromeDriverCommandExecutor.<init>(ChromeDriver.java:118) ~[selenium-chrome-driver-4.1.4.jar:?]
	at org.openqa.selenium.chrome.ChromeDriver.<init>(ChromeDriver.java:106) ~[selenium-chrome-driver-4.1.4.jar:?]
	at org.openqa.selenium.chrome.ChromeDriver.<init>(ChromeDriver.java:93) ~[selenium-chrome-driver-4.1.4.jar:?]
	at org.openqa.selenium.chrome.ChromeDriver.<init>(ChromeDriver.java:48) ~[selenium-chrome-driver-4.1.4.jar:?]
	at testBase.BaseClass.setup(BaseClass.java:42) ~[test-classes/:?]
	at jdk.internal.reflect.NativeMethodAccessorImpl.invoke0(Native Method) ~[?:?]
	at jdk.internal.reflect.NativeMethodAccessorImpl.invoke(NativeMethodAccessorImpl.java:77) ~[?:?]
	at jdk.internal.reflect.DelegatingMethodAccessorImpl.invoke(DelegatingMethodAccessorImpl.java:43) ~[?:?]
	at java.lang.reflect.Method.invoke(Method.java:568) ~[?:?]
	at org.testng.internal.invokers.MethodInvocationHelper.invokeMethod(MethodInvocationHelper.java:135) ~[testng-7.5.jar:7.5]
	at org.testng.internal.invokers.MethodInvocationHelper.invokeMethodConsideringTimeout(MethodInvocationHelper.java:65) ~[testng-7.5.jar:7.5]
	at org.testng.internal.invokers.ConfigInvoker.invokeConfigurationMethod(ConfigInvoker.java:381) ~[testng-7.5.jar:7.5]
	at org.testng.internal.invokers.ConfigInvoker.invokeConfigurations(ConfigInvoker.java:319) ~[testng-7.5.jar:7.5]
	at org.testng.internal.invokers.TestMethodWorker.invokeBeforeClassMethods(TestMethodWorker.java:178) ~[testng-7.5.jar:7.5]
	at org.testng.internal.invokers.TestMethodWorker.run(TestMethodWorker.java:122) ~[testng-7.5.jar:7.5]
	at java.util.ArrayList.forEach(ArrayList.java:1511) ~[?:?]
	at org.testng.TestRunner.privateRun(TestRunner.java:808) ~[testng-7.5.jar:7.5]
	at org.testng.TestRunner.run(TestRunner.java:603) ~[testng-7.5.jar:7.5]
	at org.testng.SuiteRunner.runTest(SuiteRunner.java:429) ~[testng-7.5.jar:7.5]
	at org.testng.SuiteRunner.runSequentially(SuiteRunner.java:423) ~[testng-7.5.jar:7.5]
	at org.testng.SuiteRunner.privateRun(SuiteRunner.java:383) ~[testng-7.5.jar:7.5]
	at org.testng.SuiteRunner.run(SuiteRunner.java:326) ~[testng-7.5.jar:7.5]
	at org.testng.SuiteRunnerWorker.runSuite(SuiteRunnerWorker.java:52) ~[testng-7.5.jar:7.5]
	at org.testng.SuiteRunnerWorker.run(SuiteRunnerWorker.java:95) ~[testng-7.5.jar:7.5]
	at org.testng.TestNG.runSuitesSequentially(TestNG.java:1249) ~[testng-7.5.jar:7.5]
	at org.testng.TestNG.runSuitesLocally(TestNG.java:1169) ~[testng-7.5.jar:7.5]
	at org.testng.TestNG.runSuites(TestNG.java:1092) ~[testng-7.5.jar:7.5]
	at org.testng.TestNG.run(TestNG.java:1060) ~[testng-7.5.jar:7.5]
	at org.apache.maven.surefire.testng.TestNGExecutor.run(TestNGExecutor.java:284) ~[surefire-testng-3.0.0-M5.jar:3.0.0-M5]
	at org.apache.maven.surefire.testng.TestNGXmlTestSuite.execute(TestNGXmlTestSuite.java:75) ~[surefire-testng-3.0.0-M5.jar:3.0.0-M5]
	at org.apache.maven.surefire.testng.TestNGProvider.invoke(TestNGProvider.java:119) ~[surefire-testng-3.0.0-M5.jar:3.0.0-M5]
	at org.apache.maven.surefire.booter.ForkedBooter.runSuitesInProcess(ForkedBooter.java:428) ~[surefire-booter-3.0.0-M5.jar:3.0.0-M5]
	at org.apache.maven.surefire.booter.ForkedBooter.execute(ForkedBooter.java:162) ~[surefire-booter-3.0.0-M5.jar:3.0.0-M5]
	at org.apache.maven.surefire.booter.ForkedBooter.run(ForkedBooter.java:562) ~[surefire-booter-3.0.0-M5.jar:3.0.0-M5]
	at org.apache.maven.surefire.booter.ForkedBooter.main(ForkedBooter.java:548) ~[surefire-booter-3.0.0-M5.jar:3.0.0-M5]
09:14:43.941 [main] DEBUG io.netty.util.internal.PlatformDependent0 - java.nio.DirectByteBuffer.<init>(long, int): unavailable
09:14:43.942 [main] DEBUG io.netty.util.internal.PlatformDependent - sun.misc.Unsafe: available
09:14:43.942 [main] DEBUG io.netty.util.internal.PlatformDependent - maxDirectMemory: 1593835520 bytes (maybe)
09:14:43.943 [main] DEBUG io.netty.util.internal.PlatformDependent - -Dio.netty.tmpdir: C:\Users\Hp\AppData\Local\Temp (java.io.tmpdir)
09:14:43.943 [main] DEBUG io.netty.util.internal.PlatformDependent - -Dio.netty.bitMode: 64 (sun.arch.data.model)
09:14:43.943 [main] DEBUG io.netty.util.internal.PlatformDependent - Platform: Windows
09:14:43.945 [main] DEBUG io.netty.util.internal.PlatformDependent - -Dio.netty.maxDirectMemory: -1 bytes
09:14:43.945 [main] DEBUG io.netty.util.internal.PlatformDependent - -Dio.netty.uninitializedArrayAllocationThreshold: -1
09:14:43.948 [main] DEBUG io.netty.util.internal.CleanerJava9 - java.nio.ByteBuffer.cleaner(): available
09:14:43.948 [main] DEBUG io.netty.util.internal.PlatformDependent - -Dio.netty.noPreferDirect: false
09:14:43.963 [main] DEBUG io.netty.util.internal.PlatformDependent - org.jctools-core.MpscChunkedArrayQueue: available
09:14:43.997 [main] DEBUG io.netty.util.internal.InternalThreadLocalMap - -Dio.netty.threadLocalMap.stringBuilder.initialSize: 1024
09:14:43.997 [main] DEBUG io.netty.util.internal.InternalThreadLocalMap - -Dio.netty.threadLocalMap.stringBuilder.maxSize: 4096
09:14:44.090 [main] DEBUG io.netty.handler.ssl.JdkSslContext - Default protocols (JDK): [TLSv1.3, TLSv1.2] 
09:14:44.091 [main] DEBUG io.netty.handler.ssl.JdkSslContext - Default cipher suites (JDK): [TLS_ECDHE_ECDSA_WITH_AES_256_GCM_SHA384, TLS_ECDHE_ECDSA_WITH_AES_128_GCM_SHA256, TLS_ECDHE_RSA_WITH_AES_128_GCM_SHA256, TLS_ECDHE_RSA_WITH_AES_256_GCM_SHA384, TLS_ECDHE_RSA_WITH_AES_128_CBC_SHA, TLS_ECDHE_RSA_WITH_AES_256_CBC_SHA, TLS_RSA_WITH_AES_128_GCM_SHA256, TLS_RSA_WITH_AES_128_CBC_SHA, TLS_RSA_WITH_AES_256_CBC_SHA, TLS_AES_128_GCM_SHA256, TLS_AES_256_GCM_SHA384]
09:14:44.167 [main] DEBUG io.netty.channel.MultithreadEventLoopGroup - -Dio.netty.eventLoopThreads: 8
09:14:44.189 [main] DEBUG io.netty.channel.nio.NioEventLoop - -Dio.netty.noKeySetOptimization: false
09:14:44.189 [main] DEBUG io.netty.channel.nio.NioEventLoop - -Dio.netty.selectorAutoRebuildThreshold: 512
09:14:44.217 [main] TRACE io.netty.channel.nio.NioEventLoop - instrumented a special java.util.Set into: sun.nio.ch.WEPollSelectorImpl@4e6f2bb5
09:14:44.222 [main] TRACE io.netty.channel.nio.NioEventLoop - instrumented a special java.util.Set into: sun.nio.ch.WEPollSelectorImpl@336880df
09:14:44.225 [main] TRACE io.netty.channel.nio.NioEventLoop - instrumented a special java.util.Set into: sun.nio.ch.WEPollSelectorImpl@1846579f
09:14:44.229 [main] TRACE io.netty.channel.nio.NioEventLoop - instrumented a special java.util.Set into: sun.nio.ch.WEPollSelectorImpl@6cd166b8
09:14:44.233 [main] TRACE io.netty.channel.nio.NioEventLoop - instrumented a special java.util.Set into: sun.nio.ch.WEPollSelectorImpl@2650f79
09:14:44.237 [main] TRACE io.netty.channel.nio.NioEventLoop - instrumented a special java.util.Set into: sun.nio.ch.WEPollSelectorImpl@75fc1992
09:14:44.240 [main] TRACE io.netty.channel.nio.NioEventLoop - instrumented a special java.util.Set into: sun.nio.ch.WEPollSelectorImpl@5fac521d
09:14:44.242 [main] TRACE io.netty.channel.nio.NioEventLoop - instrumented a special java.util.Set into: sun.nio.ch.WEPollSelectorImpl@38af1bf6
09:14:44.287 [main] DEBUG io.netty.buffer.PooledByteBufAllocator - -Dio.netty.allocator.numHeapArenas: 8
09:14:44.287 [main] DEBUG io.netty.buffer.PooledByteBufAllocator - -Dio.netty.allocator.numDirectArenas: 8
09:14:44.287 [main] DEBUG io.netty.buffer.PooledByteBufAllocator - -Dio.netty.allocator.pageSize: 8192
09:14:44.287 [main] DEBUG io.netty.buffer.PooledByteBufAllocator - -Dio.netty.allocator.maxOrder: 9
09:14:44.287 [main] DEBUG io.netty.buffer.PooledByteBufAllocator - -Dio.netty.allocator.chunkSize: 4194304
09:14:44.287 [main] DEBUG io.netty.buffer.PooledByteBufAllocator - -Dio.netty.allocator.smallCacheSize: 256
09:14:44.288 [main] DEBUG io.netty.buffer.PooledByteBufAllocator - -Dio.netty.allocator.normalCacheSize: 64
09:14:44.288 [main] DEBUG io.netty.buffer.PooledByteBufAllocator - -Dio.netty.allocator.maxCachedBufferCapacity: 32768
09:14:44.288 [main] DEBUG io.netty.buffer.PooledByteBufAllocator - -Dio.netty.allocator.cacheTrimInterval: 8192
09:14:44.288 [main] DEBUG io.netty.buffer.PooledByteBufAllocator - -Dio.netty.allocator.cacheTrimIntervalMillis: 0
09:14:44.288 [main] DEBUG io.netty.buffer.PooledByteBufAllocator - -Dio.netty.allocator.useCacheForAllThreads: false
09:14:44.288 [main] DEBUG io.netty.buffer.PooledByteBufAllocator - -Dio.netty.allocator.maxCachedByteBuffersPerChunk: 1023
09:14:44.310 [main] DEBUG io.netty.buffer.ByteBufUtil - -Dio.netty.allocator.type: pooled
09:14:44.310 [main] DEBUG io.netty.buffer.ByteBufUtil - -Dio.netty.threadLocalDirectBufferSize: 0
09:14:44.311 [main] DEBUG io.netty.buffer.ByteBufUtil - -Dio.netty.maxThreadLocalCharBufferSize: 16384
09:28:44.155 [main] INFO  testCases.TC_006_AddToCart - Launched chrome Browser
09:28:44.283 [main] INFO  testCases.TC_006_AddToCart - Starting TC_006_Addcart
09:28:48.626 [main] INFO  testCases.TC_006_AddToCart - Home Page Displayed 
09:28:51.975 [main] INFO  testCases.TC_006_AddToCart - Enter any Product
09:28:57.269 [main] INFO  testCases.TC_006_AddToCart - product displayed on HomePage
09:28:57.362 [main] INFO  testCases.TC_006_AddToCart - product added to cart
09:28:59.508 [main] ERROR testCases.TC_006_AddToCart - AddToCart  Page Failed 
09:30:20.334 [main] INFO  testCases.TC_006_AddToCart - Launched chrome Browser
09:30:20.382 [main] INFO  testCases.TC_006_AddToCart - Starting TC_006_Addcart
09:30:24.020 [main] INFO  testCases.TC_006_AddToCart - Home Page Displayed 
09:30:27.465 [main] INFO  testCases.TC_006_AddToCart - Enter any Product
09:30:31.737 [main] INFO  testCases.TC_006_AddToCart - product displayed on HomePage
09:30:31.842 [main] INFO  testCases.TC_006_AddToCart - product added to cart
09:30:33.920 [main] ERROR testCases.TC_006_AddToCart - AddToCart  Page Failed 
10:19:29.010 [main] INFO  testCases.TC_006_AddToCart - Launched chrome Browser
10:19:29.103 [main] INFO  testCases.TC_006_AddToCart - Starting TC_006_Addcart
10:19:40.340 [main] INFO  testCases.TC_006_AddToCart - Home Page Displayed 
10:19:43.911 [main] INFO  testCases.TC_006_AddToCart - Enter any Product
10:19:50.765 [main] INFO  testCases.TC_006_AddToCart - product displayed on HomePage
10:19:50.879 [main] INFO  testCases.TC_006_AddToCart - product added to cart
10:19:53.691 [main] ERROR testCases.TC_006_AddToCart - AddToCart  Page Failed 
10:21:53.962 [main] INFO  testCases.TC_006_AddToCart - Launched chrome Browser
10:21:54.881 [main] INFO  testCases.TC_006_AddToCart - Starting TC_006_Addcart
10:22:00.176 [main] INFO  testCases.TC_006_AddToCart - Home Page Displayed 
10:22:03.669 [main] INFO  testCases.TC_006_AddToCart - Enter any Product
10:22:10.109 [main] INFO  testCases.TC_006_AddToCart - product displayed on HomePage
10:22:10.226 [main] INFO  testCases.TC_006_AddToCart - product added to cart
10:22:12.334 [main] INFO  testCases.TC_006_AddToCart - Search page is Success 
10:22:12.340 [main] INFO  testCases.TC_006_AddToCart - Finished TC_006_AddToCart
10:24:42.226 [main] INFO  testCases.TC_001_AccountRegistrationPage - Launched chrome Browser
10:24:42.302 [main] INFO  testCases.TC_001_AccountRegistrationPage - Strating TC_001_AccountRegistration
10:24:50.590 [main] INFO  testCases.TC_001_AccountRegistrationPage - Home Page Displayed 
10:24:51.518 [main] INFO  testCases.TC_001_AccountRegistrationPage - Clicked on My Account 
10:24:53.340 [main] INFO  testCases.TC_001_AccountRegistrationPage - Clicked on Register 
10:24:53.526 [main] INFO  testCases.TC_001_AccountRegistrationPage - Provided First Name 
10:24:53.662 [main] INFO  testCases.TC_001_AccountRegistrationPage - Provided Last Name 
10:24:53.840 [main] INFO  testCases.TC_001_AccountRegistrationPage - Provided Email 
10:24:53.978 [main] INFO  testCases.TC_001_AccountRegistrationPage - Provided Telephone 
10:24:54.108 [main] INFO  testCases.TC_001_AccountRegistrationPage - Provided Password 
10:24:54.244 [main] INFO  testCases.TC_001_AccountRegistrationPage - Provided Confrmed Password 
10:24:54.373 [main] INFO  testCases.TC_001_AccountRegistrationPage - Set Privacy Policy 
10:24:58.605 [main] INFO  testCases.TC_001_AccountRegistrationPage - Clicked on Continue 
10:25:03.674 [main] INFO  testCases.TC_001_AccountRegistrationPage - Account Registration Success 
10:25:03.678 [main] INFO  testCases.TC_001_AccountRegistrationPage - Finished TC_001_AccountRegistration
10:25:07.679 [main] INFO  testCases.TC_002_Login - Launched chrome Browser
10:25:07.686 [main] INFO  testCases.TC_002_Login -  Starting TC_002_Login 
10:25:14.573 [main] INFO  testCases.TC_002_Login - Home Page Displayed 
10:25:14.986 [main] INFO  testCases.TC_002_Login - Clicked on My Account 
10:25:16.437 [main] INFO  testCases.TC_002_Login - Clicked on Login 
10:25:16.721 [main] INFO  testCases.TC_002_Login - Provided Email 
10:25:16.863 [main] INFO  testCases.TC_002_Login - Provided Password 
10:25:17.958 [main] INFO  testCases.TC_002_Login - Clicked on Login
10:25:18.059 [main] INFO  testCases.TC_002_Login - Login Success 
10:25:18.060 [main] INFO  testCases.TC_002_Login -  Finished TC_002_Login 
10:25:21.736 [main] INFO  testCases.TC_003_LoginDDT - Launched chrome Browser
10:25:28.418 [main] INFO  testCases.TC_003_LoginDDT -  Starting TC_003_LoginDDT 
10:25:30.436 [main] INFO  testCases.TC_003_LoginDDT - Home Page Displayed 
10:25:30.811 [main] INFO  testCases.TC_003_LoginDDT - Clicked on My Account 
10:25:31.724 [main] INFO  testCases.TC_003_LoginDDT - Clicked on Login 
10:25:31.937 [main] INFO  testCases.TC_003_LoginDDT - Provided Email 
10:25:32.120 [main] INFO  testCases.TC_003_LoginDDT - Provided Password 
10:25:34.135 [main] INFO  testCases.TC_003_LoginDDT - Clicked on Login
10:25:34.243 [main] INFO  testCases.TC_003_LoginDDT - Login Success 
10:25:36.705 [main] INFO  testCases.TC_003_LoginDDT -  Finished TC_003_LoginDDT 
10:25:36.706 [main] INFO  testCases.TC_003_LoginDDT -  Starting TC_003_LoginDDT 
10:25:37.512 [main] INFO  testCases.TC_003_LoginDDT - Home Page Displayed 
10:25:37.640 [main] INFO  testCases.TC_003_LoginDDT - Clicked on My Account 
10:25:38.496 [main] INFO  testCases.TC_003_LoginDDT - Clicked on Login 
10:25:38.710 [main] INFO  testCases.TC_003_LoginDDT - Provided Email 
10:25:38.859 [main] INFO  testCases.TC_003_LoginDDT - Provided Password 
10:25:39.662 [main] INFO  testCases.TC_003_LoginDDT - Clicked on Login
10:25:49.759 [main] ERROR testCases.TC_003_LoginDDT - Login Failed 
10:25:49.760 [main] INFO  testCases.TC_003_LoginDDT -  Finished TC_003_LoginDDT 
10:25:49.761 [main] INFO  testCases.TC_003_LoginDDT -  Starting TC_003_LoginDDT 
10:25:51.009 [main] INFO  testCases.TC_003_LoginDDT - Home Page Displayed 
10:25:51.243 [main] INFO  testCases.TC_003_LoginDDT - Clicked on My Account 
10:25:52.288 [main] INFO  testCases.TC_003_LoginDDT - Clicked on Login 
10:25:52.603 [main] INFO  testCases.TC_003_LoginDDT - Provided Email 
10:25:52.820 [main] INFO  testCases.TC_003_LoginDDT - Provided Password 
10:25:53.822 [main] INFO  testCases.TC_003_LoginDDT - Clicked on Login
10:26:03.866 [main] ERROR testCases.TC_003_LoginDDT - Login Failed 
10:26:03.866 [main] INFO  testCases.TC_003_LoginDDT -  Finished TC_003_LoginDDT 
10:26:03.868 [main] INFO  testCases.TC_003_LoginDDT -  Starting TC_003_LoginDDT 
10:26:04.975 [main] INFO  testCases.TC_003_LoginDDT - Home Page Displayed 
10:26:05.090 [main] INFO  testCases.TC_003_LoginDDT - Clicked on My Account 
10:26:06.173 [main] INFO  testCases.TC_003_LoginDDT - Clicked on Login 
10:26:06.516 [main] INFO  testCases.TC_003_LoginDDT - Provided Email 
10:26:06.669 [main] INFO  testCases.TC_003_LoginDDT - Provided Password 
10:26:07.678 [main] INFO  testCases.TC_003_LoginDDT - Clicked on Login
10:26:17.703 [main] ERROR testCases.TC_003_LoginDDT - Login Failed 
10:26:17.703 [main] INFO  testCases.TC_003_LoginDDT -  Finished TC_003_LoginDDT 
10:26:22.452 [main] INFO  testCases.TC_004_Search - Launched chrome Browser
10:26:22.456 [main] INFO  testCases.TC_004_Search -  Starting TC_004_Search 
10:26:29.120 [main] INFO  testCases.TC_004_Search - Home Page Displayed 
10:26:31.525 [main] INFO  testCases.TC_004_Search - Enter any Product
10:26:44.395 [main] ERROR testCases.TC_004_Search - Search Success 
10:26:44.599 [main] INFO  testCases.TC_004_Search -  Finished TC_004Search 
10:26:49.149 [main] INFO  testCases.TC_005_Forgot_Password - Launched chrome Browser
10:26:49.155 [main] INFO  testCases.TC_005_Forgot_Password - Starting TC_005_ForgotPassword
10:26:53.549 [main] INFO  testCases.TC_005_Forgot_Password - Home Page Displayed 
10:26:54.303 [main] INFO  testCases.TC_005_Forgot_Password - Clicked on My Account 
10:26:55.904 [main] INFO  testCases.TC_005_Forgot_Password - Clicked on Login 
10:26:58.188 [main] INFO  testCases.TC_005_Forgot_Password - Provided Email 
10:27:05.305 [main] INFO  testCases.TC_005_Forgot_Password - Provided confirmation email
10:27:10.672 [main] INFO  testCases.TC_005_Forgot_Password - Finished TC_009_ForgotPassword
10:27:17.250 [main] INFO  testCases.TC_006_AddToCart - Launched chrome Browser
10:27:17.271 [main] INFO  testCases.TC_006_AddToCart - Starting TC_006_Addcart
10:27:20.754 [main] INFO  testCases.TC_006_AddToCart - Home Page Displayed 
10:27:24.147 [main] INFO  testCases.TC_006_AddToCart - Enter any Product
10:27:29.969 [main] INFO  testCases.TC_006_AddToCart - product displayed on HomePage
10:27:30.070 [main] INFO  testCases.TC_006_AddToCart - product added to cart
10:27:32.129 [main] INFO  testCases.TC_006_AddToCart - Search page is Success 
10:27:32.129 [main] INFO  testCases.TC_006_AddToCart - Finished TC_006_AddToCart
17:01:30.926 [main] INFO  testCases.TC_001_AccountRegistrationPage - Launched chrome Browser
17:01:31.001 [main] INFO  testCases.TC_001_AccountRegistrationPage - Strating TC_001_AccountRegistration
17:01:40.249 [main] FATAL testCases.TC_001_AccountRegistrationPage - Account Registration Failed
17:01:43.291 [main] INFO  testCases.TC_002_Login - Launched chrome Browser
17:01:43.299 [main] INFO  testCases.TC_002_Login -  Starting TC_002_Login 
17:01:55.785 [main] INFO  testCases.TC_003_LoginDDT - Launched chrome Browser
17:02:01.856 [main] INFO  testCases.TC_003_LoginDDT -  Starting TC_003_LoginDDT 
17:02:11.375 [main] FATAL testCases.TC_003_LoginDDT - Login Failed 
17:02:11.376 [main] INFO  testCases.TC_003_LoginDDT -  Starting TC_003_LoginDDT 
17:02:19.415 [main] FATAL testCases.TC_003_LoginDDT - Login Failed 
17:02:19.419 [main] INFO  testCases.TC_003_LoginDDT -  Starting TC_003_LoginDDT 
17:02:23.809 [main] FATAL testCases.TC_003_LoginDDT - Login Failed 
17:02:23.814 [main] INFO  testCases.TC_003_LoginDDT -  Starting TC_003_LoginDDT 
17:02:31.893 [main] FATAL testCases.TC_003_LoginDDT - Login Failed 
17:02:34.850 [main] INFO  testCases.TC_004_Search - Launched chrome Browser
17:02:34.862 [main] INFO  testCases.TC_004_Search -  Starting TC_004_Search 
17:02:45.039 [main] FATAL testCases.TC_004_Search - Search Failed 
17:02:49.290 [main] INFO  testCases.TC_005_Forgot_Password - Launched chrome Browser
17:02:49.298 [main] INFO  testCases.TC_005_Forgot_Password - Starting TC_005_ForgotPassword
17:03:02.249 [main] INFO  testCases.TC_006_AddToCart - Launched chrome Browser
17:03:02.254 [main] INFO  testCases.TC_006_AddToCart - Starting TC_006_Addcart
17:03:11.350 [main] FATAL testCases.TC_006_AddToCart - Add cart  Failed
17:11:21.019 [main] INFO  testCases.TC_001_AccountRegistrationPage - Launched chrome Browser
17:11:21.059 [main] INFO  testCases.TC_001_AccountRegistrationPage - Strating TC_001_AccountRegistration
17:11:42.041 [main] INFO  testCases.TC_001_AccountRegistrationPage - Home Page Displayed 
17:11:44.628 [main] INFO  testCases.TC_001_AccountRegistrationPage - Clicked on My Account 
17:11:47.017 [main] INFO  testCases.TC_001_AccountRegistrationPage - Clicked on Register 
17:11:47.296 [main] INFO  testCases.TC_001_AccountRegistrationPage - Provided First Name 
17:11:47.460 [main] INFO  testCases.TC_001_AccountRegistrationPage - Provided Last Name 
17:11:47.705 [main] INFO  testCases.TC_001_AccountRegistrationPage - Provided Email 
17:11:47.895 [main] INFO  testCases.TC_001_AccountRegistrationPage - Provided Telephone 
17:11:48.065 [main] INFO  testCases.TC_001_AccountRegistrationPage - Provided Password 
17:11:48.329 [main] INFO  testCases.TC_001_AccountRegistrationPage - Provided Confrmed Password 
17:11:48.526 [main] INFO  testCases.TC_001_AccountRegistrationPage - Set Privacy Policy 
17:11:54.445 [main] INFO  testCases.TC_001_AccountRegistrationPage - Clicked on Continue 
17:11:59.520 [main] INFO  testCases.TC_001_AccountRegistrationPage - Account Registration Success 
17:11:59.525 [main] INFO  testCases.TC_001_AccountRegistrationPage - Finished TC_001_AccountRegistration
17:12:02.955 [main] INFO  testCases.TC_002_Login - Launched chrome Browser
17:12:02.961 [main] INFO  testCases.TC_002_Login -  Starting TC_002_Login 
17:12:08.364 [main] INFO  testCases.TC_002_Login - Home Page Displayed 
17:12:09.117 [main] INFO  testCases.TC_002_Login - Clicked on My Account 
17:12:10.763 [main] INFO  testCases.TC_002_Login - Clicked on Login 
17:12:10.989 [main] INFO  testCases.TC_002_Login - Provided Email 
17:12:11.141 [main] INFO  testCases.TC_002_Login - Provided Password 
17:12:12.308 [main] INFO  testCases.TC_002_Login - Clicked on Login
17:12:12.386 [main] INFO  testCases.TC_002_Login - Login Success 
17:12:12.386 [main] INFO  testCases.TC_002_Login -  Finished TC_002_Login 
17:12:16.002 [main] INFO  testCases.TC_003_LoginDDT - Launched chrome Browser
17:12:18.085 [main] INFO  testCases.TC_003_LoginDDT -  Starting TC_003_LoginDDT 
17:12:23.059 [main] INFO  testCases.TC_003_LoginDDT - Home Page Displayed 
17:12:23.349 [main] INFO  testCases.TC_003_LoginDDT - Clicked on My Account 
17:12:24.511 [main] INFO  testCases.TC_003_LoginDDT - Clicked on Login 
17:12:24.767 [main] INFO  testCases.TC_003_LoginDDT - Provided Email 
17:12:24.925 [main] INFO  testCases.TC_003_LoginDDT - Provided Password 
17:12:26.099 [main] INFO  testCases.TC_003_LoginDDT - Clicked on Login
17:12:26.178 [main] INFO  testCases.TC_003_LoginDDT - Login Success 
17:12:27.928 [main] INFO  testCases.TC_003_LoginDDT -  Finished TC_003_LoginDDT 
17:12:27.930 [main] INFO  testCases.TC_003_LoginDDT -  Starting TC_003_LoginDDT 
17:12:29.121 [main] INFO  testCases.TC_003_LoginDDT - Home Page Displayed 
17:12:29.246 [main] INFO  testCases.TC_003_LoginDDT - Clicked on My Account 
17:12:30.299 [main] INFO  testCases.TC_003_LoginDDT - Clicked on Login 
17:12:30.496 [main] INFO  testCases.TC_003_LoginDDT - Provided Email 
17:12:30.624 [main] INFO  testCases.TC_003_LoginDDT - Provided Password 
17:12:31.724 [main] INFO  testCases.TC_003_LoginDDT - Clicked on Login
17:12:41.765 [main] ERROR testCases.TC_003_LoginDDT - Login Failed 
17:12:41.765 [main] INFO  testCases.TC_003_LoginDDT -  Finished TC_003_LoginDDT 
17:12:41.766 [main] INFO  testCases.TC_003_LoginDDT -  Starting TC_003_LoginDDT 
17:12:42.824 [main] INFO  testCases.TC_003_LoginDDT - Home Page Displayed 
17:12:42.943 [main] INFO  testCases.TC_003_LoginDDT - Clicked on My Account 
17:12:43.753 [main] INFO  testCases.TC_003_LoginDDT - Clicked on Login 
17:12:43.979 [main] INFO  testCases.TC_003_LoginDDT - Provided Email 
17:12:44.167 [main] INFO  testCases.TC_003_LoginDDT - Provided Password 
17:12:45.071 [main] INFO  testCases.TC_003_LoginDDT - Clicked on Login
17:12:55.090 [main] ERROR testCases.TC_003_LoginDDT - Login Failed 
17:12:55.090 [main] INFO  testCases.TC_003_LoginDDT -  Finished TC_003_LoginDDT 
17:12:55.091 [main] INFO  testCases.TC_003_LoginDDT -  Starting TC_003_LoginDDT 
17:12:55.820 [main] INFO  testCases.TC_003_LoginDDT - Home Page Displayed 
17:12:55.960 [main] INFO  testCases.TC_003_LoginDDT - Clicked on My Account 
17:12:56.769 [main] INFO  testCases.TC_003_LoginDDT - Clicked on Login 
17:12:56.998 [main] INFO  testCases.TC_003_LoginDDT - Provided Email 
17:12:57.146 [main] INFO  testCases.TC_003_LoginDDT - Provided Password 
17:12:58.772 [main] INFO  testCases.TC_003_LoginDDT - Clicked on Login
17:13:08.804 [main] ERROR testCases.TC_003_LoginDDT - Login Failed 
17:13:08.804 [main] INFO  testCases.TC_003_LoginDDT -  Finished TC_003_LoginDDT 
17:13:13.105 [main] INFO  testCases.TC_004_Search - Launched chrome Browser
17:13:13.110 [main] INFO  testCases.TC_004_Search -  Starting TC_004_Search 
17:13:18.064 [main] INFO  testCases.TC_004_Search - Home Page Displayed 
17:13:20.416 [main] INFO  testCases.TC_004_Search - Enter any Product
17:13:34.050 [main] ERROR testCases.TC_004_Search - Search Success 
17:13:34.252 [main] INFO  testCases.TC_004_Search -  Finished TC_004Search 
17:13:37.116 [main] INFO  testCases.TC_005_Forgot_Password - Launched chrome Browser
17:13:37.128 [main] INFO  testCases.TC_005_Forgot_Password - Starting TC_005_ForgotPassword
17:13:42.731 [main] INFO  testCases.TC_005_Forgot_Password - Home Page Displayed 
17:13:43.506 [main] INFO  testCases.TC_005_Forgot_Password - Clicked on My Account 
17:13:44.239 [main] INFO  testCases.TC_005_Forgot_Password - Clicked on Login 
17:13:46.567 [main] INFO  testCases.TC_005_Forgot_Password - Provided Email 
17:13:53.691 [main] INFO  testCases.TC_005_Forgot_Password - Provided confirmation email
17:13:58.892 [main] INFO  testCases.TC_005_Forgot_Password - Finished TC_009_ForgotPassword
17:14:06.701 [main] INFO  testCases.TC_006_AddToCart - Launched chrome Browser
17:14:06.706 [main] INFO  testCases.TC_006_AddToCart - Starting TC_006_Addcart
17:14:12.572 [main] INFO  testCases.TC_006_AddToCart - Home Page Displayed 
17:14:15.923 [main] INFO  testCases.TC_006_AddToCart - Enter any Product
17:14:20.954 [main] INFO  testCases.TC_006_AddToCart - product displayed on HomePage
17:14:21.046 [main] INFO  testCases.TC_006_AddToCart - product added to cart
17:14:23.100 [main] INFO  testCases.TC_006_AddToCart - Search page is Success 
17:14:23.101 [main] INFO  testCases.TC_006_AddToCart - Finished TC_006_AddToCart
